lerna(verbose) GitUtilities.isInitialized    ()
lerna(verbose) GitUtilities.isInitialized    () => true
lerna(verbose) GitUtilities.getTopLevelDirectory()
lerna(verbose) GitUtilities.getTopLevelDirectory() => "."
lerna(verbose) FileSystemUtilities.existsSync("./lerna.json")
lerna(verbose) FileSystemUtilities.existsSync("./lerna.json") => true
lerna(verbose) FileSystemUtilities.readFileSync("./lerna.json")
lerna(verbose) FileSystemUtilities.readFileSync("./lerna.json") => "{\n  \"lerna\": \"2.0.0-beta.37\",\n  \"version\": \"independent\",\n  \"packages\": [\n    \"packages/*\"\n  ]\n}"
lerna(verbose) FileSystemUtilities.existsSync("./package.json")
lerna(verbose) FileSystemUtilities.existsSync("./package.json") => true
lerna(verbose) FileSystemUtilities.readFileSync("./package.json")
lerna(verbose) FileSystemUtilities.readFileSync("./package.json") => "{\n  \"private\": true,\n  \"description\": \"Monorepo for California highway conditions\",\n  \"author\": \"Cameron Hunter <hello@cameronhunter.co.uk>\",\n  \"scripts\": {\n    \"lerna\": \"lerna --\",\n    \"postinstall\": \"lerna bootstrap --hoist\",\n    \"build\": \"lerna run build\",\n    \"test\": \"lerna run test\",\n    \"publish\": \"lerna publish\"\n  },\n  \"devDependencies\": {\n    \"lerna\": \"2.0.0-beta.37\"\n  }\n}"
lerna(info)    Lerna v2.0.0-beta.37
lerna(info)    Independent Versioning Mode
lerna(verbose) FileSystemUtilities.existsSync("./package.json")
lerna(verbose) FileSystemUtilities.existsSync("./package.json") => true
lerna(verbose) FileSystemUtilities.existsSync("./lerna.json")
lerna(verbose) FileSystemUtilities.existsSync("./lerna.json") => true
lerna(verbose) FileSystemUtilities.existsSync("./VERSION")
lerna(verbose) FileSystemUtilities.existsSync("./VERSION") => false
lerna(verbose) FileSystemUtilities.existsSync("./packages/ca-highway-conditions-fetcher/package.json")
lerna(verbose) FileSystemUtilities.existsSync("./packages/ca-highway-conditions-fetcher/package.json") => true
lerna(verbose) FileSystemUtilities.existsSync("./packages/ca-highway-conditions-parser/package.json")
lerna(verbose) FileSystemUtilities.existsSync("./packages/ca-highway-conditions-parser/package.json") => true
lerna(verbose) FileSystemUtilities.existsSync("./packages/ca-highway-conditions/package.json")
lerna(verbose) FileSystemUtilities.existsSync("./packages/ca-highway-conditions/package.json") => true
lerna(verbose) Attempting running RunCommand.initialize
lerna(verbose) Successfully ran RunCommand.initialize
lerna(verbose) Attempting running RunCommand.execute
lerna(verbose) NpmUtilities.runScriptInDir   ("build", [], "./packages/ca-highway-conditions-fetcher")
lerna(verbose) NpmUtilities.execInDir        ("run build", [], "./packages/ca-highway-conditions-fetcher")
lerna(verbose) NpmUtilities.runScriptInDir   ("build", [], "./packages/ca-highway-conditions-parser")
lerna(verbose) NpmUtilities.execInDir        ("run build", [], "./packages/ca-highway-conditions-parser")
lerna(error)   NpmUtilities.execInDir        ("run build", [], "./packages/ca-highway-conditions-fetcher")
    Error: Command failed: npm run build 
    sh: rollup: command not found
    
    npm ERR! Darwin 16.4.0
    npm ERR! argv "/Users/chunter/.nvm/versions/node/v6.9.4/bin/node" "/Users/chunter/.nvm/versions/node/v6.9.4/bin/npm" "run" "build"
    npm ERR! node v6.9.4
    npm ERR! npm  v3.10.10
    npm ERR! file sh
    npm ERR! code ELIFECYCLE
    npm ERR! errno ENOENT
    npm ERR! syscall spawn
    npm ERR! ca-highway-conditions-fetcher@0.0.0 build: `NODE_ENV=production rollup -c`
    npm ERR! spawn ENOENT
    npm ERR! 
    npm ERR! Failed at the ca-highway-conditions-fetcher@0.0.0 build script 'NODE_ENV=production rollup -c'.
    npm ERR! Make sure you have the latest version of node.js and npm installed.
    npm ERR! If you do, this is most likely a problem with the ca-highway-conditions-fetcher package,
    npm ERR! not with npm itself.
    npm ERR! Tell the author that this fails on your system:
    npm ERR!     NODE_ENV=production rollup -c
    npm ERR! You can get information on how to open an issue for this project with:
    npm ERR!     npm bugs ca-highway-conditions-fetcher
    npm ERR! Or if that isn't available, you can get their info via:
    npm ERR!     npm owner ls ca-highway-conditions-fetcher
    npm ERR! There is likely additional logging output above.
    npm WARN Local package.json exists, but node_modules missing, did you mean to install?
    
    npm ERR! Please include the following file with any support request:
    npm ERR!     /Users/chunter/workspace/ca-highway-conditions/packages/ca-highway-conditions-fetcher/npm-debug.log
    
        at ChildProcess.exithandler (child_process.js:206:12)
        at emitTwo (events.js:106:13)
        at ChildProcess.emit (events.js:191:7)
        at maybeClose (internal/child_process.js:877:16)
        at Socket.<anonymous> (internal/child_process.js:334:11)
        at emitOne (events.js:96:13)
        at Socket.emit (events.js:188:7)
        at Pipe._handle.close [as _onclose] (net.js:498:12)
lerna(error)   
> ca-highway-conditions-fetcher@0.0.0 build /Users/chunter/workspace/ca-highway-conditions/packages/ca-highway-conditions-fetcher
> NODE_ENV=production rollup -c


lerna(error)   NpmUtilities.runScriptInDir   ("build", [], "./packages/ca-highway-conditions-fetcher")
lerna(error)   
> ca-highway-conditions-fetcher@0.0.0 build /Users/chunter/workspace/ca-highway-conditions/packages/ca-highway-conditions-fetcher
> NODE_ENV=production rollup -c


lerna(info)    
> ca-highway-conditions-fetcher@0.0.0 build /Users/chunter/workspace/ca-highway-conditions/packages/ca-highway-conditions-fetcher
> NODE_ENV=production rollup -c


lerna(error)   Errored while running npm script 'build' in 'ca-highway-conditions-fetcher'
lerna(error)   Errored while running RunCommand.execute
